23:30:18 [main] STEP  JDI - ''(url=https://jdi-testing.github.io/jdi-light/) should be opened (WebPage)
23:30:18 [main] STEP  JDI - ''(url=https://jdi-testing.github.io/jdi-light/) should be opened (WebPage)
23:30:20 [main] INFO  io.github.bonigarcia.wdm.WebDriverManager - Using chromedriver 77.0.3865.40 (since Google Chrome 77 is installed in your machine)
23:30:20 [main] INFO  io.github.bonigarcia.wdm.WebDriverManager - Exporting webdriver.chrome.driver as C:\Users\roman_iovlev\.m2\repository\webdriver\chromedriver\win32\77.0.3865.40\chromedriver.exe
23:30:20 [main] INFO  JDI - Download driver: 'CHROME X32' successfully
23:30:20 [main] INFO  JDI - Download driver: 'CHROME X32' successfully
23:30:24 [main] INFO  JDI - Page: WebPage
23:30:24 [main] INFO  JDI - Page: WebPage
23:30:24 [main] INFO  JDI - Set timeout 30 seconds
23:30:24 [main] INFO  JDI - Set timeout 30 seconds
23:30:24 [main] INFO  JDI - Check that page url(data:,) contains '/'
23:30:24 [main] INFO  JDI - Check that page url(data:,) contains '/'
23:30:26 [main] INFO  JDI - Check that page url(https://jdi-testing.github.io/jdi-light/index.html) contains '/'
23:30:26 [main] INFO  JDI - Check that page url(https://jdi-testing.github.io/jdi-light/index.html) contains '/'
23:30:26 [main] STEP  JDI - Click on 'User Icon' (User Icon)
23:30:26 [main] STEP  JDI - Click on 'User Icon' (User Icon)
23:30:26 [main] STEP  JDI - Submit 'Login form' with Name:Roman,Password:Jdi1234 (Login form)
23:30:26 [main] STEP  JDI - Submit 'Login form' with Name:Roman,Password:Jdi1234 (Login form)
23:30:27 [main] STEP  JDI - Assert that 'User Name' is displayed (User Name)
23:30:27 [main] STEP  JDI - Assert that 'User Name' is displayed (User Name)
23:30:27 [main] STEP  JDI - >>> User Name ()
23:30:27 [main] STEP  JDI - >>> User Name ()
23:30:27 [main] STEP  JDI - ''(url=https://jdi-testing.github.io/jdi-light/contacts.html) should be opened (WebPage)
23:30:27 [main] STEP  JDI - ''(url=https://jdi-testing.github.io/jdi-light/contacts.html) should be opened (WebPage)
23:30:27 [main] INFO  JDI - Check that page url(https://jdi-testing.github.io/jdi-light/index.html) contains '/contacts.html'
23:30:27 [main] INFO  JDI - Check that page url(https://jdi-testing.github.io/jdi-light/index.html) contains '/contacts.html'
23:30:27 [main] INFO  JDI - Check that page url(https://jdi-testing.github.io/jdi-light/contacts.html) contains '/contacts.html'
23:30:27 [main] INFO  JDI - Check that page url(https://jdi-testing.github.io/jdi-light/contacts.html) contains '/contacts.html'
23:30:27 [main] STEP  JDI - Set 'JDI - awesome UI automation tool' in 'Description' (Description)
23:30:27 [main] STEP  JDI - Set 'JDI - awesome UI automation tool' in 'Description' (Description)
23:30:27 [main] STEP  JDI - Set 'ChiefQA' in 'Position' (Position)
23:30:27 [main] STEP  JDI - Set 'ChiefQA' in 'Position' (Position)
23:30:27 [main] STEP  JDI - Set '654321' in 'Passport Number' (Passport Number)
23:30:27 [main] STEP  JDI - Set '654321' in 'Passport Number' (Passport Number)
23:30:27 [main] STEP  JDI - Set 'Other' in 'Religion' (Religion)
23:30:27 [main] STEP  JDI - Set 'Other' in 'Religion' (Religion)
23:30:27 [main] STEP  JDI - Set '1234' in 'Passport Seria' (Passport Seria)
23:30:27 [main] STEP  JDI - Set '1234' in 'Passport Seria' (Passport Seria)
23:30:27 [main] STEP  JDI - Set 'Female' in 'Gender' (Gender)
23:30:27 [main] STEP  JDI - Set 'Female' in 'Gender' (Gender)
23:30:27 [main] STEP  JDI - Set 'Iovlev' in 'Last Name' (Last Name)
23:30:27 [main] STEP  JDI - Set 'Iovlev' in 'Last Name' (Last Name)
23:30:27 [main] STEP  JDI - Set 'Roman' in 'Name' (Name)
23:30:27 [main] STEP  JDI - Set 'Roman' in 'Name' (Name)
23:30:28 [main] STEP  JDI - Click on 'css='#contact-form [type=submit]'' (css='#contact-form [type=submit]')
23:30:28 [main] STEP  JDI - Click on 'css='#contact-form [type=submit]'' (css='#contact-form [type=submit]')
23:31:42 [main] STEP  JDI - ''(url=https://jdi-testing.github.io/jdi-light/) should be opened (WebPage)
23:31:42 [main] STEP  JDI - ''(url=https://jdi-testing.github.io/jdi-light/) should be opened (WebPage)
23:31:43 [main] INFO  io.github.bonigarcia.wdm.WebDriverManager - Using chromedriver 77.0.3865.40 (since Google Chrome 77 is installed in your machine)
23:31:43 [main] INFO  io.github.bonigarcia.wdm.WebDriverManager - Exporting webdriver.chrome.driver as C:\Users\roman_iovlev\.m2\repository\webdriver\chromedriver\win32\77.0.3865.40\chromedriver.exe
23:31:43 [main] INFO  JDI - Download driver: 'CHROME X32' successfully
23:31:43 [main] INFO  JDI - Download driver: 'CHROME X32' successfully
23:31:48 [main] INFO  JDI - Page: WebPage
23:31:48 [main] INFO  JDI - Page: WebPage
23:31:48 [main] INFO  JDI - Set timeout 30 seconds
23:31:48 [main] INFO  JDI - Set timeout 30 seconds
23:31:48 [main] INFO  JDI - Check that page url(data:,) contains '/'
23:31:48 [main] INFO  JDI - Check that page url(data:,) contains '/'
23:31:49 [main] INFO  JDI - Check that page url(https://jdi-testing.github.io/jdi-light/index.html) contains '/'
23:31:49 [main] INFO  JDI - Check that page url(https://jdi-testing.github.io/jdi-light/index.html) contains '/'
23:31:49 [main] STEP  JDI - Click on 'User Icon' (User Icon)
23:31:49 [main] STEP  JDI - Click on 'User Icon' (User Icon)
23:31:50 [main] STEP  JDI - Submit 'Login form' with Name:Roman,Password:Jdi1234 (Login form)
23:31:50 [main] STEP  JDI - Submit 'Login form' with Name:Roman,Password:Jdi1234 (Login form)
23:31:50 [main] STEP  JDI - Assert that 'User Name' is displayed (User Name)
23:31:50 [main] STEP  JDI - Assert that 'User Name' is displayed (User Name)
23:31:50 [main] STEP  JDI - >>> User Name ()
23:31:50 [main] STEP  JDI - >>> User Name ()
23:31:50 [main] STEP  JDI - ''(url=https://jdi-testing.github.io/jdi-light/contacts.html) should be opened (WebPage)
23:31:50 [main] STEP  JDI - ''(url=https://jdi-testing.github.io/jdi-light/contacts.html) should be opened (WebPage)
23:31:50 [main] INFO  JDI - Check that page url(https://jdi-testing.github.io/jdi-light/index.html) contains '/contacts.html'
23:31:50 [main] INFO  JDI - Check that page url(https://jdi-testing.github.io/jdi-light/index.html) contains '/contacts.html'
23:31:51 [main] INFO  JDI - Check that page url(https://jdi-testing.github.io/jdi-light/contacts.html) contains '/contacts.html'
23:31:51 [main] INFO  JDI - Check that page url(https://jdi-testing.github.io/jdi-light/contacts.html) contains '/contacts.html'
23:31:51 [main] STEP  JDI - Set 'JDI - awesome UI automation tool' in 'Description' (Description)
23:31:51 [main] STEP  JDI - Set 'JDI - awesome UI automation tool' in 'Description' (Description)
23:31:51 [main] STEP  JDI - Set 'ChiefQA' in 'Position' (Position)
23:31:51 [main] STEP  JDI - Set 'ChiefQA' in 'Position' (Position)
23:31:51 [main] STEP  JDI - Set '654321' in 'Passport Number' (Passport Number)
23:31:51 [main] STEP  JDI - Set '654321' in 'Passport Number' (Passport Number)
23:31:51 [main] STEP  JDI - Set 'Other' in 'Religion' (Religion)
23:31:51 [main] STEP  JDI - Set 'Other' in 'Religion' (Religion)
23:31:51 [main] STEP  JDI - Set '1234' in 'Passport Seria' (Passport Seria)
23:31:51 [main] STEP  JDI - Set '1234' in 'Passport Seria' (Passport Seria)
23:31:51 [main] STEP  JDI - Set 'Female' in 'Gender' (Gender)
23:31:51 [main] STEP  JDI - Set 'Female' in 'Gender' (Gender)
23:31:51 [main] STEP  JDI - Set 'Iovlev' in 'Last Name' (Last Name)
23:31:51 [main] STEP  JDI - Set 'Iovlev' in 'Last Name' (Last Name)
23:31:51 [main] STEP  JDI - Set 'Roman' in 'Name' (Name)
23:31:51 [main] STEP  JDI - Set 'Roman' in 'Name' (Name)
23:31:51 [main] STEP  JDI - Click on 'css='#contact-form [type=submit]'' (css='#contact-form [type=submit]')
23:31:51 [main] STEP  JDI - Click on 'css='#contact-form [type=submit]'' (css='#contact-form [type=submit]')
23:37:41 [main] STEP  JDI - Open ''(url=https://jdi-testing.github.io/jdi-light/) (WebPage)
23:37:41 [main] STEP  JDI - Open ''(url=https://jdi-testing.github.io/jdi-light/) (WebPage)
23:37:41 [main] ERROR io.qameta.allure.AllureLifecycle - Could not start step: no test case running
23:37:41 [main] ERROR io.qameta.allure.AllureLifecycle - Could not stop step: step with uuid 6a17de43-96fe-4093-bd62-68c418d2860b not found
23:37:42 [main] INFO  io.github.bonigarcia.wdm.WebDriverManager - Using chromedriver 77.0.3865.40 (since Google Chrome 77 is installed in your machine)
23:37:42 [main] INFO  io.github.bonigarcia.wdm.WebDriverManager - Exporting webdriver.chrome.driver as C:\Users\roman_iovlev\.m2\repository\webdriver\chromedriver\win32\77.0.3865.40\chromedriver.exe
23:37:42 [main] INFO  JDI - Download driver: 'CHROME X32' successfully
23:37:42 [main] INFO  JDI - Download driver: 'CHROME X32' successfully
23:37:45 [main] INFO  JDI - Page: WebPage
23:37:45 [main] INFO  JDI - Page: WebPage
23:37:45 [main] INFO  JDI - Set timeout 30 seconds
23:37:45 [main] INFO  JDI - Set timeout 30 seconds
23:38:39 [main] STEP  JDI - Open ''(url=https://jdi-testing.github.io/jdi-light/) (WebPage)
23:38:39 [main] STEP  JDI - Open ''(url=https://jdi-testing.github.io/jdi-light/) (WebPage)
23:38:40 [main] INFO  io.github.bonigarcia.wdm.WebDriverManager - Using chromedriver 77.0.3865.40 (since Google Chrome 77 is installed in your machine)
23:38:40 [main] INFO  io.github.bonigarcia.wdm.WebDriverManager - Exporting webdriver.chrome.driver as C:\Users\roman_iovlev\.m2\repository\webdriver\chromedriver\win32\77.0.3865.40\chromedriver.exe
23:38:40 [main] INFO  JDI - Download driver: 'CHROME X32' successfully
23:38:40 [main] INFO  JDI - Download driver: 'CHROME X32' successfully
23:38:44 [main] INFO  JDI - Page: WebPage
23:38:44 [main] INFO  JDI - Page: WebPage
23:38:44 [main] INFO  JDI - Set timeout 30 seconds
23:38:44 [main] INFO  JDI - Set timeout 30 seconds
23:39:05 [main] STEP  JDI - ''(url=https://jdi-testing.github.io/jdi-light/) should be opened (WebPage)
23:39:05 [main] STEP  JDI - ''(url=https://jdi-testing.github.io/jdi-light/) should be opened (WebPage)
23:39:06 [main] INFO  io.github.bonigarcia.wdm.WebDriverManager - Using chromedriver 77.0.3865.40 (since Google Chrome 77 is installed in your machine)
23:39:06 [main] INFO  io.github.bonigarcia.wdm.WebDriverManager - Exporting webdriver.chrome.driver as C:\Users\roman_iovlev\.m2\repository\webdriver\chromedriver\win32\77.0.3865.40\chromedriver.exe
23:39:06 [main] INFO  JDI - Download driver: 'CHROME X32' successfully
23:39:06 [main] INFO  JDI - Download driver: 'CHROME X32' successfully
23:39:10 [main] INFO  JDI - Page: WebPage
23:39:10 [main] INFO  JDI - Page: WebPage
23:39:10 [main] INFO  JDI - Set timeout 30 seconds
23:39:10 [main] INFO  JDI - Set timeout 30 seconds
23:39:10 [main] INFO  JDI - Check that page url(data:,) contains '/'
23:39:10 [main] INFO  JDI - Check that page url(data:,) contains '/'
23:39:11 [main] INFO  JDI - Check that page url(https://jdi-testing.github.io/jdi-light/index.html) contains '/'
23:39:11 [main] INFO  JDI - Check that page url(https://jdi-testing.github.io/jdi-light/index.html) contains '/'
23:39:11 [main] STEP  JDI - Click on 'User Icon' (User Icon)
23:39:11 [main] STEP  JDI - Click on 'User Icon' (User Icon)
23:39:11 [main] STEP  JDI - Submit 'Login form' with Name:Roman,Password:Jdi1234 (Login form)
23:39:11 [main] STEP  JDI - Submit 'Login form' with Name:Roman,Password:Jdi1234 (Login form)
23:39:12 [main] STEP  JDI - Assert that 'User Name' is displayed (User Name)
23:39:12 [main] STEP  JDI - Assert that 'User Name' is displayed (User Name)
23:39:12 [main] STEP  JDI - >>> User Name ()
23:39:12 [main] STEP  JDI - >>> User Name ()
23:39:12 [main] STEP  JDI - ''(url=https://jdi-testing.github.io/jdi-light/contacts.html) should be opened (WebPage)
23:39:12 [main] STEP  JDI - ''(url=https://jdi-testing.github.io/jdi-light/contacts.html) should be opened (WebPage)
23:39:12 [main] INFO  JDI - Check that page url(https://jdi-testing.github.io/jdi-light/index.html) contains '/contacts.html'
23:39:12 [main] INFO  JDI - Check that page url(https://jdi-testing.github.io/jdi-light/index.html) contains '/contacts.html'
23:39:13 [main] INFO  JDI - Check that page url(https://jdi-testing.github.io/jdi-light/contacts.html) contains '/contacts.html'
23:39:13 [main] INFO  JDI - Check that page url(https://jdi-testing.github.io/jdi-light/contacts.html) contains '/contacts.html'
23:39:13 [main] STEP  JDI - Set 'JDI - awesome UI automation tool' in 'Description' (Description)
23:39:13 [main] STEP  JDI - Set 'JDI - awesome UI automation tool' in 'Description' (Description)
23:39:13 [main] STEP  JDI - Set 'ChiefQA' in 'Position' (Position)
23:39:13 [main] STEP  JDI - Set 'ChiefQA' in 'Position' (Position)
23:39:13 [main] STEP  JDI - Set '654321' in 'Passport Number' (Passport Number)
23:39:13 [main] STEP  JDI - Set '654321' in 'Passport Number' (Passport Number)
23:39:13 [main] STEP  JDI - Set 'Other' in 'Religion' (Religion)
23:39:13 [main] STEP  JDI - Set 'Other' in 'Religion' (Religion)
23:39:13 [main] STEP  JDI - Set '1234' in 'Passport Seria' (Passport Seria)
23:39:13 [main] STEP  JDI - Set '1234' in 'Passport Seria' (Passport Seria)
23:39:13 [main] STEP  JDI - Set 'Female' in 'Gender' (Gender)
23:39:13 [main] STEP  JDI - Set 'Female' in 'Gender' (Gender)
23:39:13 [main] STEP  JDI - Set 'Iovlev' in 'Last Name' (Last Name)
23:39:13 [main] STEP  JDI - Set 'Iovlev' in 'Last Name' (Last Name)
23:39:13 [main] STEP  JDI - Set 'Roman' in 'Name' (Name)
23:39:13 [main] STEP  JDI - Set 'Roman' in 'Name' (Name)
23:39:13 [main] STEP  JDI - Click on 'css='#contact-form [type=submit]'' (css='#contact-form [type=submit]')
23:39:13 [main] STEP  JDI - Click on 'css='#contact-form [type=submit]'' (css='#contact-form [type=submit]')
